
Showing logs for build [32mucsd-ets-datahub-base-notebook-vh6tb-32[0m stage [32mfrom-build-pack[0m and container [32mcredential-initializer[0m
{"level":"info","ts":1603824017.266662,"caller":"creds-init/main.go:44","msg":"Credentials initialized."}

Showing logs for build [32mucsd-ets-datahub-base-notebook-vh6tb-32[0m stage [32mfrom-build-pack[0m and container [32mworking-dir-initializer[0m

Showing logs for build [32mucsd-ets-datahub-base-notebook-vh6tb-32[0m stage [32mfrom-build-pack[0m and container [32mplace-tools[0m

Showing logs for build [32mucsd-ets-datahub-base-notebook-vh6tb-32[0m stage [32mfrom-build-pack[0m and container [32mstep-git-source-ucsd-ets-datahub-base-notebook-vh6tb-vqkql[0m
{"level":"info","ts":1603824049.9838197,"caller":"git/git.go:105","msg":"Successfully cloned https://github.com/ucsd-ets/datahub-base-notebook.git @ v2019.4.37 in path /workspace/source"}
{"level":"warn","ts":1603824049.9841144,"caller":"git/git.go:152","msg":"Unexpected error: creating symlink: symlink /tekton/home/.ssh /root/.ssh: file exists"}
{"level":"info","ts":1603824050.0507095,"caller":"git/git.go:133","msg":"Successfully initialized and updated submodules in path /workspace/source"}

Showing logs for build [32mucsd-ets-datahub-base-notebook-vh6tb-32[0m stage [32mfrom-build-pack[0m and container [32mstep-setup-builder-home[0m

Showing logs for build [32mucsd-ets-datahub-base-notebook-vh6tb-32[0m stage [32mfrom-build-pack[0m and container [32mstep-git-merge[0m
Using SHAs from PULL_REFS=master:f1513b9f10b1b3619277c8d398df136f324e954e
WARNING: no SHAs to merge, falling back to initial cloned commit

Showing logs for build [32mucsd-ets-datahub-base-notebook-vh6tb-32[0m stage [32mfrom-build-pack[0m and container [32mstep-setup-jx-git-credentials[0m
Generated Git credentials file /workspace/xdg_config/git/credentials

Showing logs for build [32mucsd-ets-datahub-base-notebook-vh6tb-32[0m stage [32mfrom-build-pack[0m and container [32mstep-prebuild-skip-push-image[0m
set value local-cluster to true for context kubernetes

Showing logs for build [32mucsd-ets-datahub-base-notebook-vh6tb-32[0m stage [32mfrom-build-pack[0m and container [32mstep-build-container-build[0m
[36mINFO[0m[0001] Using dockerignore file: /workspace/source/.dockerignore 
[36mINFO[0m[0001] Retrieving image manifest jupyter/datascience-notebook:python-3.7.6 
[36mINFO[0m[0002] Retrieving image manifest jupyter/datascience-notebook:python-3.7.6 
[36mINFO[0m[0003] Built cross stage deps: map[]                
[36mINFO[0m[0003] Retrieving image manifest jupyter/datascience-notebook:python-3.7.6 
[36mINFO[0m[0003] Retrieving image manifest jupyter/datascience-notebook:python-3.7.6 
[36mINFO[0m[0004] Executing 0 build triggers                   
[36mINFO[0m[0004] cmd: USER                                    
[36mINFO[0m[0004] Checking for cached layer *********/todo/cache:914ec1951f38d36d7c50f06ee1785d63b109d0453d0a3dec9d3007d16c7449fb... 
[36mINFO[0m[0005] No cached layer found for cmd COPY /scripts /usr/share/datahub/scripts/ 
[36mINFO[0m[0005] cmd: USER                                    
[36mINFO[0m[0005] Unpacking rootfs as cmd COPY /scripts /usr/share/datahub/scripts/ requires it. 
[36mINFO[0m[0186] USER root                                    
[36mINFO[0m[0186] cmd: USER                                    
[36mINFO[0m[0186] No files changed in this command, skipping snapshotting. 
[36mINFO[0m[0186] COPY /scripts /usr/share/datahub/scripts/    
[36mINFO[0m[0186] Resolving 15 paths                           
[36mINFO[0m[0186] Taking snapshot of files...                  
[36mINFO[0m[0186] Pushing layer *********/todo/cache:914ec1951f38d36d7c50f06ee1785d63b109d0453d0a3dec9d3007d16c7449fb to cache now 
[36mINFO[0m[0186] COPY /scripts/run_jupyter.sh /               
[36mINFO[0m[0186] Resolving 1 paths                            
[36mINFO[0m[0186] Taking snapshot of files...                  
[36mINFO[0m[0186] Pushing layer *********/todo/cache:e375d842e0eb0eb42b5007942916708fb17d549dc1c43cab0fa3b96bd27ef3cb to cache now 
[36mINFO[0m[0186] COPY /scripts/jupyter_notebook_config.py /etc/jupyter/jupyter_notebook_config.py 
[36mINFO[0m[0186] Resolving 1 paths                            
[36mINFO[0m[0186] Taking snapshot of files...                  
[36mINFO[0m[0186] RUN /usr/share/datahub/scripts/install-all.sh && 	pip install pandas --upgrade && 	pip install nltk && 	cat /usr/share/datahub/scripts/canvas_exporter.py > /opt/conda/lib/python3.7/site-packages/nbgrader/plugins/export.py &&     fix-permissions $CONDA_DIR &&     fix-permissions /home/$NB_USER &&     chown -R jovyan:users /opt/conda/etc/jupyter/nbconfig &&     chmod -R +r /opt/conda/etc/jupyter/nbconfig 
[36mINFO[0m[0186] Taking snapshot of full filesystem...        
[36mINFO[0m[0186] Pushing layer *********/todo/cache:b1a70cbcf9cebc0a17204660dc09be6bf1987248f5dac747ddc7c1b149f111e9 to cache now 
[36mINFO[0m[0188] Resolving 240431 paths                       
[36mINFO[0m[1747] cmd: /bin/bash                               
[36mINFO[0m[1747] args: [-o pipefail -c /usr/share/datahub/scripts/install-all.sh && 	pip install pandas --upgrade && 	pip install nltk && 	cat /usr/share/datahub/scripts/canvas_exporter.py > /opt/conda/lib/python3.7/site-packages/nbgrader/plugins/export.py &&     fix-permissions $CONDA_DIR &&     fix-permissions /home/$NB_USER &&     chown -R jovyan:users /opt/conda/etc/jupyter/nbconfig &&     chmod -R +r /opt/conda/etc/jupyter/nbconfig] 
[36mINFO[0m[1747] util.Lookup returned: &{Uid:0 Gid:0 Username:root Name:root HomeDir:/root} 
[36mINFO[0m[1747] performing slow lookup of group ids for root 
[36mINFO[0m[1747] Running: [/bin/bash -o pipefail -c /usr/share/datahub/scripts/install-all.sh && 	pip install pandas --upgrade && 	pip install nltk && 	cat /usr/share/datahub/scripts/canvas_exporter.py > /opt/conda/lib/python3.7/site-packages/nbgrader/plugins/export.py &&     fix-permissions $CONDA_DIR &&     fix-permissions /home/$NB_USER &&     chown -R jovyan:users /opt/conda/etc/jupyter/nbconfig &&     chmod -R +r /opt/conda/etc/jupyter/nbconfig] 
Installed kernelspec python3_clean in /opt/conda/share/jupyter/kernels/python3_clean
Requirement already satisfied: ipywidgets in /opt/conda/lib/python3.7/site-packages (7.5.1)
Requirement already satisfied: nbformat>=4.2.0 in /opt/conda/lib/python3.7/site-packages (from ipywidgets) (5.0.6)
Requirement already satisfied: ipython>=4.0.0; python_version >= "3.3" in /opt/conda/lib/python3.7/site-packages (from ipywidgets) (7.15.0)
Requirement already satisfied: widgetsnbextension~=3.5.0 in /opt/conda/lib/python3.7/site-packages (from ipywidgets) (3.5.1)
Requirement already satisfied: traitlets>=4.3.1 in /opt/conda/lib/python3.7/site-packages (from ipywidgets) (4.3.3)
Requirement already satisfied: ipykernel>=4.5.1 in /opt/conda/lib/python3.7/site-packages (from ipywidgets) (5.3.0)
Requirement already satisfied: jsonschema!=2.5.0,>=2.4 in /opt/conda/lib/python3.7/site-packages (from nbformat>=4.2.0->ipywidgets) (3.2.0)
Requirement already satisfied: ipython-genutils in /opt/conda/lib/python3.7/site-packages (from nbformat>=4.2.0->ipywidgets) (0.2.0)
Requirement already satisfied: jupyter-core in /opt/conda/lib/python3.7/site-packages (from nbformat>=4.2.0->ipywidgets) (4.6.3)
Requirement already satisfied: prompt-toolkit!=3.0.0,!=3.0.1,<3.1.0,>=2.0.0 in /opt/conda/lib/python3.7/site-packages (from ipython>=4.0.0; python_version >= "3.3"->ipywidgets) (3.0.5)
Requirement already satisfied: pygments in /opt/conda/lib/python3.7/site-packages (from ipython>=4.0.0; python_version >= "3.3"->ipywidgets) (2.6.1)
Requirement already satisfied: jedi>=0.10 in /opt/conda/lib/python3.7/site-packages (from ipython>=4.0.0; python_version >= "3.3"->ipywidgets) (0.17.0)
Requirement already satisfied: pickleshare in /opt/conda/lib/python3.7/site-packages (from ipython>=4.0.0; python_version >= "3.3"->ipywidgets) (0.7.5)
Requirement already satisfied: pexpect; sys_platform != "win32" in /opt/conda/lib/python3.7/site-packages (from ipython>=4.0.0; python_version >= "3.3"->ipywidgets) (4.8.0)
Requirement already satisfied: backcall in /opt/conda/lib/python3.7/site-packages (from ipython>=4.0.0; python_version >= "3.3"->ipywidgets) (0.2.0)
Requirement already satisfied: setuptools>=18.5 in /opt/conda/lib/python3.7/site-packages (from ipython>=4.0.0; python_version >= "3.3"->ipywidgets) (47.3.1.post20200616)
Requirement already satisfied: decorator in /opt/conda/lib/python3.7/site-packages (from ipython>=4.0.0; python_version >= "3.3"->ipywidgets) (4.4.2)
Requirement already satisfied: notebook>=4.4.1 in /opt/conda/lib/python3.7/site-packages (from widgetsnbextension~=3.5.0->ipywidgets) (6.0.3)
Requirement already satisfied: six in /opt/conda/lib/python3.7/site-packages (from traitlets>=4.3.1->ipywidgets) (1.15.0)
Requirement already satisfied: jupyter-client in /opt/conda/lib/python3.7/site-packages (from ipykernel>=4.5.1->ipywidgets) (6.1.3)
Requirement already satisfied: tornado>=4.2 in /opt/conda/lib/python3.7/site-packages (from ipykernel>=4.5.1->ipywidgets) (6.0.4)
Requirement already satisfied: importlib-metadata; python_version < "3.8" in /opt/conda/lib/python3.7/site-packages (from jsonschema!=2.5.0,>=2.4->nbformat>=4.2.0->ipywidgets) (1.6.1)
Requirement already satisfied: attrs>=17.4.0 in /opt/conda/lib/python3.7/site-packages (from jsonschema!=2.5.0,>=2.4->nbformat>=4.2.0->ipywidgets) (19.3.0)
Requirement already satisfied: pyrsistent>=0.14.0 in /opt/conda/lib/python3.7/site-packages (from jsonschema!=2.5.0,>=2.4->nbformat>=4.2.0->ipywidgets) (0.16.0)
Requirement already satisfied: wcwidth in /opt/conda/lib/python3.7/site-packages (from prompt-toolkit!=3.0.0,!=3.0.1,<3.1.0,>=2.0.0->ipython>=4.0.0; python_version >= "3.3"->ipywidgets) (0.2.4)
Requirement already satisfied: parso>=0.7.0 in /opt/conda/lib/python3.7/site-packages (from jedi>=0.10->ipython>=4.0.0; python_version >= "3.3"->ipywidgets) (0.7.0)
Requirement already satisfied: ptyprocess>=0.5 in /opt/conda/lib/python3.7/site-packages (from pexpect; sys_platform != "win32"->ipython>=4.0.0; python_version >= "3.3"->ipywidgets) (0.6.0)
Requirement already satisfied: terminado>=0.8.1 in /opt/conda/lib/python3.7/site-packages (from notebook>=4.4.1->widgetsnbextension~=3.5.0->ipywidgets) (0.8.3)
Requirement already satisfied: pyzmq>=17 in /opt/conda/lib/python3.7/site-packages (from notebook>=4.4.1->widgetsnbextension~=3.5.0->ipywidgets) (19.0.1)
Requirement already satisfied: jinja2 in /opt/conda/lib/python3.7/site-packages (from notebook>=4.4.1->widgetsnbextension~=3.5.0->ipywidgets) (2.11.2)
Requirement already satisfied: nbconvert in /opt/conda/lib/python3.7/site-packages (from notebook>=4.4.1->widgetsnbextension~=3.5.0->ipywidgets) (5.6.1)
Requirement already satisfied: prometheus-client in /opt/conda/lib/python3.7/site-packages (from notebook>=4.4.1->widgetsnbextension~=3.5.0->ipywidgets) (0.8.0)
Requirement already satisfied: Send2Trash in /opt/conda/lib/python3.7/site-packages (from notebook>=4.4.1->widgetsnbextension~=3.5.0->ipywidgets) (1.5.0)
Requirement already satisfied: python-dateutil>=2.1 in /opt/conda/lib/python3.7/site-packages (from jupyter-client->ipykernel>=4.5.1->ipywidgets) (2.8.1)
Requirement already satisfied: zipp>=0.5 in /opt/conda/lib/python3.7/site-packages (from importlib-metadata; python_version < "3.8"->jsonschema!=2.5.0,>=2.4->nbformat>=4.2.0->ipywidgets) (3.1.0)
Requirement already satisfied: MarkupSafe>=0.23 in /opt/conda/lib/python3.7/site-packages (from jinja2->notebook>=4.4.1->widgetsnbextension~=3.5.0->ipywidgets) (1.1.1)
Requirement already satisfied: mistune<2,>=0.8.1 in /opt/conda/lib/python3.7/site-packages (from nbconvert->notebook>=4.4.1->widgetsnbextension~=3.5.0->ipywidgets) (0.8.4)
Requirement already satisfied: bleach in /opt/conda/lib/python3.7/site-packages (from nbconvert->notebook>=4.4.1->widgetsnbextension~=3.5.0->ipywidgets) (3.1.5)
Requirement already satisfied: pandocfilters>=1.4.1 in /opt/conda/lib/python3.7/site-packages (from nbconvert->notebook>=4.4.1->widgetsnbextension~=3.5.0->ipywidgets) (1.4.2)
Requirement already satisfied: defusedxml in /opt/conda/lib/python3.7/site-packages (from nbconvert->notebook>=4.4.1->widgetsnbextension~=3.5.0->ipywidgets) (0.6.0)
Requirement already satisfied: testpath in /opt/conda/lib/python3.7/site-packages (from nbconvert->notebook>=4.4.1->widgetsnbextension~=3.5.0->ipywidgets) (0.4.4)
Requirement already satisfied: entrypoints>=0.2.2 in /opt/conda/lib/python3.7/site-packages (from nbconvert->notebook>=4.4.1->widgetsnbextension~=3.5.0->ipywidgets) (0.3)
Requirement already satisfied: packaging in /opt/conda/lib/python3.7/site-packages (from bleach->nbconvert->notebook>=4.4.1->widgetsnbextension~=3.5.0->ipywidgets) (20.4)
Requirement already satisfied: webencodings in /opt/conda/lib/python3.7/site-packages (from bleach->nbconvert->notebook>=4.4.1->widgetsnbextension~=3.5.0->ipywidgets) (0.5.1)
Requirement already satisfied: pyparsing>=2.0.2 in /opt/conda/lib/python3.7/site-packages (from packaging->bleach->nbconvert->notebook>=4.4.1->widgetsnbextension~=3.5.0->ipywidgets) (2.4.7)
Enabling notebook extension jupyter-js-widgets/extension...
      - Validating: [32mOK[0m
Cloning into '/usr/share/datahub/local-env-backup'...
Processing /usr/share/datahub/local-env-backup
Collecting pytest
  Downloading pytest-6.1.1-py3-none-any.whl (272 kB)
Collecting timeout_decorator
  Downloading timeout-decorator-0.4.1.tar.gz (4.8 kB)
Collecting pluggy<1.0,>=0.12
  Downloading pluggy-0.13.1-py2.py3-none-any.whl (18 kB)
Requirement already satisfied: importlib-metadata>=0.12; python_version < "3.8" in /opt/conda/lib/python3.7/site-packages (from pytest->env-backup==0.0.3) (1.6.1)
Collecting py>=1.8.2
  Downloading py-1.9.0-py2.py3-none-any.whl (99 kB)
Requirement already satisfied: packaging in /opt/conda/lib/python3.7/site-packages (from pytest->env-backup==0.0.3) (20.4)
Collecting toml
  Downloading toml-0.10.1-py2.py3-none-any.whl (19 kB)
Collecting iniconfig
  Downloading iniconfig-1.1.1-py2.py3-none-any.whl (5.0 kB)
Requirement already satisfied: attrs>=17.4.0 in /opt/conda/lib/python3.7/site-packages (from pytest->env-backup==0.0.3) (19.3.0)
Requirement already satisfied: zipp>=0.5 in /opt/conda/lib/python3.7/site-packages (from importlib-metadata>=0.12; python_version < "3.8"->pytest->env-backup==0.0.3) (3.1.0)
Requirement already satisfied: pyparsing>=2.0.2 in /opt/conda/lib/python3.7/site-packages (from packaging->pytest->env-backup==0.0.3) (2.4.7)
Requirement already satisfied: six in /opt/conda/lib/python3.7/site-packages (from packaging->pytest->env-backup==0.0.3) (1.15.0)
Building wheels for collected packages: env-backup, timeout-decorator
  Building wheel for env-backup (setup.py): started
  Building wheel for env-backup (setup.py): finished with status 'done'
  Created wheel for env-backup: filename=env_backup-0.0.3-py3-none-any.whl size=6852 sha256=dfa8b93a1d9ecf2a0f980fb1f73625780998d3e61611a57e09d1e87a19f1f023
  Stored in directory: /tmp/pip-ephem-wheel-cache-q7vfn0u5/wheels/2f/53/b1/61d19c365d356b6ff9022cf020f650a83242c7b3eec23a1bba
  Building wheel for timeout-decorator (setup.py): started
  Building wheel for timeout-decorator (setup.py): finished with status 'done'
  Created wheel for timeout-decorator: filename=timeout_decorator-0.4.1-py3-none-any.whl size=5015 sha256=46e3fb51b29e97dbc3397ce25fa7727f73d64cb692c7e2e1e5a63cd47f941a4d
  Stored in directory: /tmp/pip-ephem-wheel-cache-q7vfn0u5/wheels/d5/a0/87/83fe34960f698558661b71ce991c84a0fd4cb10c56f22eaaa1
Successfully built env-backup timeout-decorator
Installing collected packages: pluggy, py, toml, iniconfig, pytest, timeout-decorator, env-backup
Successfully installed env-backup-0.0.3 iniconfig-1.1.1 pluggy-0.13.1 py-1.9.0 pytest-6.1.1 timeout-decorator-0.4.1 toml-0.10.1
WARNING: The directory '/home/jovyan/.cache/pip' or its parent directory is not owned or is not writable by the current user. The cache has been disabled. Check the permissions and owner of that directory. If executing pip with sudo, you may want sudo's -H flag.
Collecting git+https://github.com/data-8/gitautosync
  Cloning https://github.com/data-8/gitautosync to /tmp/pip-req-build-2sobz_9z
  Running command git clone -q https://github.com/data-8/gitautosync /tmp/pip-req-build-2sobz_9z
Requirement already satisfied: notebook>=5.5.0 in /opt/conda/lib/python3.7/site-packages (from nbgitpuller==0.9.0.dev0) (6.0.3)
Requirement already satisfied: tornado in /opt/conda/lib/python3.7/site-packages (from nbgitpuller==0.9.0.dev0) (6.0.4)
Requirement already satisfied: pyzmq>=17 in /opt/conda/lib/python3.7/site-packages (from notebook>=5.5.0->nbgitpuller==0.9.0.dev0) (19.0.1)
Requirement already satisfied: Send2Trash in /opt/conda/lib/python3.7/site-packages (from notebook>=5.5.0->nbgitpuller==0.9.0.dev0) (1.5.0)
Requirement already satisfied: nbconvert in /opt/conda/lib/python3.7/site-packages (from notebook>=5.5.0->nbgitpuller==0.9.0.dev0) (5.6.1)
Requirement already satisfied: ipython-genutils in /opt/conda/lib/python3.7/site-packages (from notebook>=5.5.0->nbgitpuller==0.9.0.dev0) (0.2.0)
Requirement already satisfied: ipykernel in /opt/conda/lib/python3.7/site-packages (from notebook>=5.5.0->nbgitpuller==0.9.0.dev0) (5.3.0)
Requirement already satisfied: prometheus-client in /opt/conda/lib/python3.7/site-packages (from notebook>=5.5.0->nbgitpuller==0.9.0.dev0) (0.8.0)
Requirement already satisfied: jupyter-client>=5.3.4 in /opt/conda/lib/python3.7/site-packages (from notebook>=5.5.0->nbgitpuller==0.9.0.dev0) (6.1.3)
Requirement already satisfied: jinja2 in /opt/conda/lib/python3.7/site-packages (from notebook>=5.5.0->nbgitpuller==0.9.0.dev0) (2.11.2)
Requirement already satisfied: traitlets>=4.2.1 in /opt/conda/lib/python3.7/site-packages (from notebook>=5.5.0->nbgitpuller==0.9.0.dev0) (4.3.3)
Requirement already satisfied: jupyter-core>=4.6.1 in /opt/conda/lib/python3.7/site-packages (from notebook>=5.5.0->nbgitpuller==0.9.0.dev0) (4.6.3)
Requirement already satisfied: terminado>=0.8.1 in /opt/conda/lib/python3.7/site-packages (from notebook>=5.5.0->nbgitpuller==0.9.0.dev0) (0.8.3)
Requirement already satisfied: nbformat in /opt/conda/lib/python3.7/site-packages (from notebook>=5.5.0->nbgitpuller==0.9.0.dev0) (5.0.6)
Requirement already satisfied: bleach in /opt/conda/lib/python3.7/site-packages (from nbconvert->notebook>=5.5.0->nbgitpuller==0.9.0.dev0) (3.1.5)
Requirement already satisfied: entrypoints>=0.2.2 in /opt/conda/lib/python3.7/site-packages (from nbconvert->notebook>=5.5.0->nbgitpuller==0.9.0.dev0) (0.3)
Requirement already satisfied: pandocfilters>=1.4.1 in /opt/conda/lib/python3.7/site-packages (from nbconvert->notebook>=5.5.0->nbgitpuller==0.9.0.dev0) (1.4.2)
Requirement already satisfied: testpath in /opt/conda/lib/python3.7/site-packages (from nbconvert->notebook>=5.5.0->nbgitpuller==0.9.0.dev0) (0.4.4)
Requirement already satisfied: mistune<2,>=0.8.1 in /opt/conda/lib/python3.7/site-packages (from nbconvert->notebook>=5.5.0->nbgitpuller==0.9.0.dev0) (0.8.4)
Requirement already satisfied: defusedxml in /opt/conda/lib/python3.7/site-packages (from nbconvert->notebook>=5.5.0->nbgitpuller==0.9.0.dev0) (0.6.0)
Requirement already satisfied: pygments in /opt/conda/lib/python3.7/site-packages (from nbconvert->notebook>=5.5.0->nbgitpuller==0.9.0.dev0) (2.6.1)
Requirement already satisfied: ipython>=5.0.0 in /opt/conda/lib/python3.7/site-packages (from ipykernel->notebook>=5.5.0->nbgitpuller==0.9.0.dev0) (7.15.0)
Requirement already satisfied: python-dateutil>=2.1 in /opt/conda/lib/python3.7/site-packages (from jupyter-client>=5.3.4->notebook>=5.5.0->nbgitpuller==0.9.0.dev0) (2.8.1)
Requirement already satisfied: MarkupSafe>=0.23 in /opt/conda/lib/python3.7/site-packages (from jinja2->notebook>=5.5.0->nbgitpuller==0.9.0.dev0) (1.1.1)
Requirement already satisfied: decorator in /opt/conda/lib/python3.7/site-packages (from traitlets>=4.2.1->notebook>=5.5.0->nbgitpuller==0.9.0.dev0) (4.4.2)
Requirement already satisfied: six in /opt/conda/lib/python3.7/site-packages (from traitlets>=4.2.1->notebook>=5.5.0->nbgitpuller==0.9.0.dev0) (1.15.0)
Requirement already satisfied: jsonschema!=2.5.0,>=2.4 in /opt/conda/lib/python3.7/site-packages (from nbformat->notebook>=5.5.0->nbgitpuller==0.9.0.dev0) (3.2.0)
Requirement already satisfied: packaging in /opt/conda/lib/python3.7/site-packages (from bleach->nbconvert->notebook>=5.5.0->nbgitpuller==0.9.0.dev0) (20.4)
Requirement already satisfied: webencodings in /opt/conda/lib/python3.7/site-packages (from bleach->nbconvert->notebook>=5.5.0->nbgitpuller==0.9.0.dev0) (0.5.1)
Requirement already satisfied: pickleshare in /opt/conda/lib/python3.7/site-packages (from ipython>=5.0.0->ipykernel->notebook>=5.5.0->nbgitpuller==0.9.0.dev0) (0.7.5)
Requirement already satisfied: jedi>=0.10 in /opt/conda/lib/python3.7/site-packages (from ipython>=5.0.0->ipykernel->notebook>=5.5.0->nbgitpuller==0.9.0.dev0) (0.17.0)
Requirement already satisfied: prompt-toolkit!=3.0.0,!=3.0.1,<3.1.0,>=2.0.0 in /opt/conda/lib/python3.7/site-packages (from ipython>=5.0.0->ipykernel->notebook>=5.5.0->nbgitpuller==0.9.0.dev0) (3.0.5)
Requirement already satisfied: pexpect; sys_platform != "win32" in /opt/conda/lib/python3.7/site-packages (from ipython>=5.0.0->ipykernel->notebook>=5.5.0->nbgitpuller==0.9.0.dev0) (4.8.0)
Requirement already satisfied: backcall in /opt/conda/lib/python3.7/site-packages (from ipython>=5.0.0->ipykernel->notebook>=5.5.0->nbgitpuller==0.9.0.dev0) (0.2.0)
Requirement already satisfied: setuptools>=18.5 in /opt/conda/lib/python3.7/site-packages (from ipython>=5.0.0->ipykernel->notebook>=5.5.0->nbgitpuller==0.9.0.dev0) (47.3.1.post20200616)
Requirement already satisfied: pyrsistent>=0.14.0 in /opt/conda/lib/python3.7/site-packages (from jsonschema!=2.5.0,>=2.4->nbformat->notebook>=5.5.0->nbgitpuller==0.9.0.dev0) (0.16.0)
Requirement already satisfied: importlib-metadata; python_version < "3.8" in /opt/conda/lib/python3.7/site-packages (from jsonschema!=2.5.0,>=2.4->nbformat->notebook>=5.5.0->nbgitpuller==0.9.0.dev0) (1.6.1)
Requirement already satisfied: attrs>=17.4.0 in /opt/conda/lib/python3.7/site-packages (from jsonschema!=2.5.0,>=2.4->nbformat->notebook>=5.5.0->nbgitpuller==0.9.0.dev0) (19.3.0)
Requirement already satisfied: pyparsing>=2.0.2 in /opt/conda/lib/python3.7/site-packages (from packaging->bleach->nbconvert->notebook>=5.5.0->nbgitpuller==0.9.0.dev0) (2.4.7)
Requirement already satisfied: parso>=0.7.0 in /opt/conda/lib/python3.7/site-packages (from jedi>=0.10->ipython>=5.0.0->ipykernel->notebook>=5.5.0->nbgitpuller==0.9.0.dev0) (0.7.0)
Requirement already satisfied: wcwidth in /opt/conda/lib/python3.7/site-packages (from prompt-toolkit!=3.0.0,!=3.0.1,<3.1.0,>=2.0.0->ipython>=5.0.0->ipykernel->notebook>=5.5.0->nbgitpuller==0.9.0.dev0) (0.2.4)
Requirement already satisfied: ptyprocess>=0.5 in /opt/conda/lib/python3.7/site-packages (from pexpect; sys_platform != "win32"->ipython>=5.0.0->ipykernel->notebook>=5.5.0->nbgitpuller==0.9.0.dev0) (0.6.0)
Requirement already satisfied: zipp>=0.5 in /opt/conda/lib/python3.7/site-packages (from importlib-metadata; python_version < "3.8"->jsonschema!=2.5.0,>=2.4->nbformat->notebook>=5.5.0->nbgitpuller==0.9.0.dev0) (3.1.0)
Building wheels for collected packages: nbgitpuller
  Building wheel for nbgitpuller (setup.py): started
  Building wheel for nbgitpuller (setup.py): finished with status 'done'
  Created wheel for nbgitpuller: filename=nbgitpuller-0.9.0.dev0-py2.py3-none-any.whl size=14878 sha256=e383a7dfdfbec9e22fc497974a6a3173684662bee40b66dfed5e33fbe7263b0f
  Stored in directory: /tmp/pip-ephem-wheel-cache-5wwgljh8/wheels/af/0c/3d/7456ae58e99392749398e2538798378a180746dc5467ad518d
Successfully built nbgitpuller
Installing collected packages: nbgitpuller
Successfully installed nbgitpuller-0.9.0.dev0
Enabling: nbgitpuller
- Writing config: /opt/conda/etc/jupyter
    - Validating...
      nbgitpuller 0.9.0dev0 [32mOK[0m
WARNING: The directory '/home/jovyan/.cache/pip' or its parent directory is not owned or is not writable by the current user. The cache has been disabled. Check the permissions and owner of that directory. If executing pip with sudo, you may want sudo's -H flag.
Collecting nbgrader==0.6.1
  Downloading nbgrader-0.6.1.tar.gz (13.3 MB)
Requirement already satisfied: sqlalchemy in /opt/conda/lib/python3.7/site-packages (from nbgrader==0.6.1) (1.3.17)
Requirement already satisfied: python-dateutil in /opt/conda/lib/python3.7/site-packages (from nbgrader==0.6.1) (2.8.1)
Collecting jupyter
  Downloading jupyter-1.0.0-py2.py3-none-any.whl (2.7 kB)
Requirement already satisfied: notebook>=4.2 in /opt/conda/lib/python3.7/site-packages (from nbgrader==0.6.1) (6.0.3)
Requirement already satisfied: nbconvert>=5.6 in /opt/conda/lib/python3.7/site-packages (from nbgrader==0.6.1) (5.6.1)
Requirement already satisfied: nbformat in /opt/conda/lib/python3.7/site-packages (from nbgrader==0.6.1) (5.0.6)
Requirement already satisfied: traitlets in /opt/conda/lib/python3.7/site-packages (from nbgrader==0.6.1) (4.3.3)
Requirement already satisfied: jupyter_core in /opt/conda/lib/python3.7/site-packages (from nbgrader==0.6.1) (4.6.3)
Requirement already satisfied: jupyter_client in /opt/conda/lib/python3.7/site-packages (from nbgrader==0.6.1) (6.1.3)
Requirement already satisfied: tornado in /opt/conda/lib/python3.7/site-packages (from nbgrader==0.6.1) (6.0.4)
Requirement already satisfied: six>=1.11 in /opt/conda/lib/python3.7/site-packages (from nbgrader==0.6.1) (1.15.0)
Requirement already satisfied: requests in /opt/conda/lib/python3.7/site-packages (from nbgrader==0.6.1) (2.24.0)
Requirement already satisfied: jsonschema in /opt/conda/lib/python3.7/site-packages (from nbgrader==0.6.1) (3.2.0)
Requirement already satisfied: alembic in /opt/conda/lib/python3.7/site-packages (from nbgrader==0.6.1) (1.4.2)
Collecting fuzzywuzzy
  Downloading fuzzywuzzy-0.18.0-py2.py3-none-any.whl (18 kB)
Requirement already satisfied: ipywidgets in /opt/conda/lib/python3.7/site-packages (from jupyter->nbgrader==0.6.1) (7.5.1)
Collecting qtconsole
  Downloading qtconsole-4.7.7-py2.py3-none-any.whl (118 kB)
Collecting jupyter-console
  Downloading jupyter_console-6.2.0-py3-none-any.whl (22 kB)
Requirement already satisfied: ipykernel in /opt/conda/lib/python3.7/site-packages (from jupyter->nbgrader==0.6.1) (5.3.0)
Requirement already satisfied: ipython-genutils in /opt/conda/lib/python3.7/site-packages (from notebook>=4.2->nbgrader==0.6.1) (0.2.0)
Requirement already satisfied: jinja2 in /opt/conda/lib/python3.7/site-packages (from notebook>=4.2->nbgrader==0.6.1) (2.11.2)
Requirement already satisfied: pyzmq>=17 in /opt/conda/lib/python3.7/site-packages (from notebook>=4.2->nbgrader==0.6.1) (19.0.1)
Requirement already satisfied: Send2Trash in /opt/conda/lib/python3.7/site-packages (from notebook>=4.2->nbgrader==0.6.1) (1.5.0)
Requirement already satisfied: terminado>=0.8.1 in /opt/conda/lib/python3.7/site-packages (from notebook>=4.2->nbgrader==0.6.1) (0.8.3)
Requirement already satisfied: prometheus-client in /opt/conda/lib/python3.7/site-packages (from notebook>=4.2->nbgrader==0.6.1) (0.8.0)
Requirement already satisfied: pandocfilters>=1.4.1 in /opt/conda/lib/python3.7/site-packages (from nbconvert>=5.6->nbgrader==0.6.1) (1.4.2)
Requirement already satisfied: bleach in /opt/conda/lib/python3.7/site-packages (from nbconvert>=5.6->nbgrader==0.6.1) (3.1.5)
Requirement already satisfied: pygments in /opt/conda/lib/python3.7/site-packages (from nbconvert>=5.6->nbgrader==0.6.1) (2.6.1)
Requirement already satisfied: entrypoints>=0.2.2 in /opt/conda/lib/python3.7/site-packages (from nbconvert>=5.6->nbgrader==0.6.1) (0.3)
Requirement already satisfied: testpath in /opt/conda/lib/python3.7/site-packages (from nbconvert>=5.6->nbgrader==0.6.1) (0.4.4)
Requirement already satisfied: mistune<2,>=0.8.1 in /opt/conda/lib/python3.7/site-packages (from nbconvert>=5.6->nbgrader==0.6.1) (0.8.4)
Requirement already satisfied: defusedxml in /opt/conda/lib/python3.7/site-packages (from nbconvert>=5.6->nbgrader==0.6.1) (0.6.0)
Requirement already satisfied: decorator in /opt/conda/lib/python3.7/site-packages (from traitlets->nbgrader==0.6.1) (4.4.2)
Requirement already satisfied: certifi>=2017.4.17 in /opt/conda/lib/python3.7/site-packages (from requests->nbgrader==0.6.1) (2020.4.5.2)
Requirement already satisfied: chardet<4,>=3.0.2 in /opt/conda/lib/python3.7/site-packages (from requests->nbgrader==0.6.1) (3.0.4)
Requirement already satisfied: idna<3,>=2.5 in /opt/conda/lib/python3.7/site-packages (from requests->nbgrader==0.6.1) (2.9)
Requirement already satisfied: urllib3!=1.25.0,!=1.25.1,<1.26,>=1.21.1 in /opt/conda/lib/python3.7/site-packages (from requests->nbgrader==0.6.1) (1.25.9)
Requirement already satisfied: setuptools in /opt/conda/lib/python3.7/site-packages (from jsonschema->nbgrader==0.6.1) (47.3.1.post20200616)
Requirement already satisfied: attrs>=17.4.0 in /opt/conda/lib/python3.7/site-packages (from jsonschema->nbgrader==0.6.1) (19.3.0)
Requirement already satisfied: importlib-metadata; python_version < "3.8" in /opt/conda/lib/python3.7/site-packages (from jsonschema->nbgrader==0.6.1) (1.6.1)
Requirement already satisfied: pyrsistent>=0.14.0 in /opt/conda/lib/python3.7/site-packages (from jsonschema->nbgrader==0.6.1) (0.16.0)
Requirement already satisfied: python-editor>=0.3 in /opt/conda/lib/python3.7/site-packages (from alembic->nbgrader==0.6.1) (1.0.4)
Requirement already satisfied: Mako in /opt/conda/lib/python3.7/site-packages (from alembic->nbgrader==0.6.1) (1.1.0)
Requirement already satisfied: ipython>=4.0.0; python_version >= "3.3" in /opt/conda/lib/python3.7/site-packages (from ipywidgets->jupyter->nbgrader==0.6.1) (7.15.0)
Requirement already satisfied: widgetsnbextension~=3.5.0 in /opt/conda/lib/python3.7/site-packages (from ipywidgets->jupyter->nbgrader==0.6.1) (3.5.1)
Collecting qtpy
  Downloading QtPy-1.9.0-py2.py3-none-any.whl (54 kB)
Requirement already satisfied: prompt-toolkit!=3.0.0,!=3.0.1,<3.1.0,>=2.0.0 in /opt/conda/lib/python3.7/site-packages (from jupyter-console->jupyter->nbgrader==0.6.1) (3.0.5)
Requirement already satisfied: MarkupSafe>=0.23 in /opt/conda/lib/python3.7/site-packages (from jinja2->notebook>=4.2->nbgrader==0.6.1) (1.1.1)
Requirement already satisfied: webencodings in /opt/conda/lib/python3.7/site-packages (from bleach->nbconvert>=5.6->nbgrader==0.6.1) (0.5.1)
Requirement already satisfied: packaging in /opt/conda/lib/python3.7/site-packages (from bleach->nbconvert>=5.6->nbgrader==0.6.1) (20.4)
Requirement already satisfied: zipp>=0.5 in /opt/conda/lib/python3.7/site-packages (from importlib-metadata; python_version < "3.8"->jsonschema->nbgrader==0.6.1) (3.1.0)
Requirement already satisfied: jedi>=0.10 in /opt/conda/lib/python3.7/site-packages (from ipython>=4.0.0; python_version >= "3.3"->ipywidgets->jupyter->nbgrader==0.6.1) (0.17.0)
Requirement already satisfied: backcall in /opt/conda/lib/python3.7/site-packages (from ipython>=4.0.0; python_version >= "3.3"->ipywidgets->jupyter->nbgrader==0.6.1) (0.2.0)
Requirement already satisfied: pexpect; sys_platform != "win32" in /opt/conda/lib/python3.7/site-packages (from ipython>=4.0.0; python_version >= "3.3"->ipywidgets->jupyter->nbgrader==0.6.1) (4.8.0)
Requirement already satisfied: pickleshare in /opt/conda/lib/python3.7/site-packages (from ipython>=4.0.0; python_version >= "3.3"->ipywidgets->jupyter->nbgrader==0.6.1) (0.7.5)
Requirement already satisfied: wcwidth in /opt/conda/lib/python3.7/site-packages (from prompt-toolkit!=3.0.0,!=3.0.1,<3.1.0,>=2.0.0->jupyter-console->jupyter->nbgrader==0.6.1) (0.2.4)
Requirement already satisfied: pyparsing>=2.0.2 in /opt/conda/lib/python3.7/site-packages (from packaging->bleach->nbconvert>=5.6->nbgrader==0.6.1) (2.4.7)
Requirement already satisfied: parso>=0.7.0 in /opt/conda/lib/python3.7/site-packages (from jedi>=0.10->ipython>=4.0.0; python_version >= "3.3"->ipywidgets->jupyter->nbgrader==0.6.1) (0.7.0)
Requirement already satisfied: ptyprocess>=0.5 in /opt/conda/lib/python3.7/site-packages (from pexpect; sys_platform != "win32"->ipython>=4.0.0; python_version >= "3.3"->ipywidgets->jupyter->nbgrader==0.6.1) (0.6.0)
Building wheels for collected packages: nbgrader
  Building wheel for nbgrader (setup.py): started
  Building wheel for nbgrader (setup.py): finished with status 'done'
  Created wheel for nbgrader: filename=nbgrader-0.6.1-py3-none-any.whl size=13507856 sha256=79979a802dd7ee67ccd7e5f49dc0c4e88e62c8578ed76090ae4cff6b131dd62c
  Stored in directory: /tmp/pip-ephem-wheel-cache-qu4t__sk/wheels/8f/05/67/67b7a8a4ad08ebba8009f611a01e1ad8be83399f1d49d0e126
Successfully built nbgrader
Installing collected packages: qtpy, qtconsole, jupyter-console, jupyter, fuzzywuzzy, nbgrader
Successfully installed fuzzywuzzy-0.18.0 jupyter-1.0.0 jupyter-console-6.2.0 nbgrader-0.6.1 qtconsole-4.7.7 qtpy-1.9.0
Installing /opt/conda/lib/python3.7/site-packages/nbgrader/nbextensions/create_assignment -> create_assignment
Symlinking: /opt/conda/share/jupyter/nbextensions/create_assignment -> /opt/conda/lib/python3.7/site-packages/nbgrader/nbextensions/create_assignment
- Validating: [32mOK[0m
Installing /opt/conda/lib/python3.7/site-packages/nbgrader/nbextensions/formgrader -> formgrader
Symlinking: /opt/conda/share/jupyter/nbextensions/formgrader -> /opt/conda/lib/python3.7/site-packages/nbgrader/nbextensions/formgrader
- Validating: [32mOK[0m
Installing /opt/conda/lib/python3.7/site-packages/nbgrader/nbextensions/validate_assignment -> validate_assignment
Symlinking: /opt/conda/share/jupyter/nbextensions/validate_assignment -> /opt/conda/lib/python3.7/site-packages/nbgrader/nbextensions/validate_assignment
- Validating: [32mOK[0m
Installing /opt/conda/lib/python3.7/site-packages/nbgrader/nbextensions/assignment_list -> assignment_list
Symlinking: /opt/conda/share/jupyter/nbextensions/assignment_list -> /opt/conda/lib/python3.7/site-packages/nbgrader/nbextensions/assignment_list
- Validating: [32mOK[0m
Installing /opt/conda/lib/python3.7/site-packages/nbgrader/nbextensions/course_list -> course_list
Symlinking: /opt/conda/share/jupyter/nbextensions/course_list -> /opt/conda/lib/python3.7/site-packages/nbgrader/nbextensions/course_list
- Validating: [32mOK[0m

    To initialize this nbextension in the browser every time the notebook (or other app) loads:
    
          jupyter nbextension enable nbgrader --py --sys-prefix
    
Enabling notebook extension create_assignment/main...
      - Validating: [32mOK[0m
Enabling tree extension formgrader/main...
      - Validating: [32mOK[0m
Enabling notebook extension validate_assignment/main...
      - Validating: [32mOK[0m
Enabling tree extension assignment_list/main...
      - Validating: [32mOK[0m
Enabling tree extension course_list/main...
      - Validating: [32mOK[0m
Enabling: nbgrader.server_extensions.formgrader
- Writing config: /opt/conda/etc/jupyter
    - Validating...
      nbgrader.server_extensions.formgrader  [32mOK[0m
Enabling: nbgrader.server_extensions.validate_assignment
- Writing config: /opt/conda/etc/jupyter
    - Validating...
      nbgrader.server_extensions.validate_assignment  [32mOK[0m
Enabling: nbgrader.server_extensions.assignment_list
- Writing config: /opt/conda/etc/jupyter
    - Validating...
      nbgrader.server_extensions.assignment_list  [32mOK[0m
Enabling: nbgrader.server_extensions.course_list
- Writing config: /opt/conda/etc/jupyter
    - Validating...
      nbgrader.server_extensions.course_list  [32mOK[0m
Disabling tree extension formgrader/main...
      - Validating: [32mOK[0m
Disabling: nbgrader.server_extensions.formgrader
- Writing config: /opt/conda/etc/jupyter
Disabling notebook extension create_assignment/main...
      - Validating: [32mOK[0m
WARNING: The directory '/home/jovyan/.cache/pip' or its parent directory is not owned or is not writable by the current user. The cache has been disabled. Check the permissions and owner of that directory. If executing pip with sudo, you may want sudo's -H flag.
Collecting nbmessages==0.0.24
  Downloading nbmessages-0.0.24-py3-none-any.whl (49 kB)
Collecting oo-tools==0.2.0
  Downloading oo_tools-0.2.0-py3-none-any.whl (5.6 kB)
Requirement already satisfied: pyyaml in /opt/conda/lib/python3.7/site-packages (from nbmessages==0.0.24) (5.3.1)
Collecting markdown
  Downloading Markdown-3.3.3-py3-none-any.whl (96 kB)
Requirement already satisfied: beautifulsoup4 in /opt/conda/lib/python3.7/site-packages (from nbmessages==0.0.24) (4.9.1)
Requirement already satisfied: requests in /opt/conda/lib/python3.7/site-packages (from oo-tools==0.2.0->nbmessages==0.0.24) (2.24.0)
Requirement already satisfied: importlib-metadata; python_version < "3.8" in /opt/conda/lib/python3.7/site-packages (from markdown->nbmessages==0.0.24) (1.6.1)
Requirement already satisfied: soupsieve>1.2 in /opt/conda/lib/python3.7/site-packages (from beautifulsoup4->nbmessages==0.0.24) (2.0.1)
Requirement already satisfied: idna<3,>=2.5 in /opt/conda/lib/python3.7/site-packages (from requests->oo-tools==0.2.0->nbmessages==0.0.24) (2.9)
Requirement already satisfied: certifi>=2017.4.17 in /opt/conda/lib/python3.7/site-packages (from requests->oo-tools==0.2.0->nbmessages==0.0.24) (2020.4.5.2)
Requirement already satisfied: chardet<4,>=3.0.2 in /opt/conda/lib/python3.7/site-packages (from requests->oo-tools==0.2.0->nbmessages==0.0.24) (3.0.4)
Requirement already satisfied: urllib3!=1.25.0,!=1.25.1,<1.26,>=1.21.1 in /opt/conda/lib/python3.7/site-packages (from requests->oo-tools==0.2.0->nbmessages==0.0.24) (1.25.9)
Requirement already satisfied: zipp>=0.5 in /opt/conda/lib/python3.7/site-packages (from importlib-metadata; python_version < "3.8"->markdown->nbmessages==0.0.24) (3.1.0)
Installing collected packages: oo-tools, markdown, nbmessages
Successfully installed markdown-3.3.3 nbmessages-0.0.24 oo-tools-0.2.0
Installing /opt/conda/lib/python3.7/site-packages/nbmessages/nbextensions/message -> message
Symlinking: /opt/conda/share/jupyter/nbextensions/message -> /opt/conda/lib/python3.7/site-packages/nbmessages/nbextensions/message
- Validating: [32mOK[0m
Installing /opt/conda/lib/python3.7/site-packages/nbmessages/nbextensions/***** -> *****
Symlinking: /opt/conda/share/jupyter/nbextensions/***** -> /opt/conda/lib/python3.7/site-packages/nbmessages/nbextensions/*****
- Validating: [32mOK[0m

    To initialize this nbextension in the browser every time the notebook (or other app) loads:
    
          jupyter nbextension enable nbmessages --py --sys-prefix
    
Enabling tree extension message/main...
      - Validating: [32mOK[0m
Enabling tree extension *****/main...
      - Validating: [32mOK[0m
Enabling: nbmessages.extensions.message
- Writing config: /opt/conda/etc/jupyter
    - Validating...
      nbmessages.extensions.message  [32mOK[0m
Enabling: nbmessages.extensions.*****
- Writing config: /opt/conda/etc/jupyter
    - Validating...
      nbmessages.extensions.*****  [32mOK[0m
Disabling tree extension *****/main...
      - Validating: [32mOK[0m
Enabling tree extension message/main...
      - Validating: [32mOK[0m
Collecting git+https://github.com/ucsd-ets/nbresuse.git
  Cloning https://github.com/ucsd-ets/nbresuse.git to /tmp/pip-req-build-_umncx9w
  Running command git clone -q https://github.com/ucsd-ets/nbresuse.git /tmp/pip-req-build-_umncx9w
Requirement already satisfied: psutil in /opt/conda/lib/python3.7/site-packages (from nbresuse==0.2.0) (5.7.0)
Requirement already satisfied: notebook in /opt/conda/lib/python3.7/site-packages (from nbresuse==0.2.0) (6.0.3)
Collecting gputil
  Downloading GPUtil-1.4.0.tar.gz (5.5 kB)
Requirement already satisfied: jupyter-client>=5.3.4 in /opt/conda/lib/python3.7/site-packages (from notebook->nbresuse==0.2.0) (6.1.3)
Requirement already satisfied: tornado>=5.0 in /opt/conda/lib/python3.7/site-packages (from notebook->nbresuse==0.2.0) (6.0.4)
Requirement already satisfied: nbformat in /opt/conda/lib/python3.7/site-packages (from notebook->nbresuse==0.2.0) (5.0.6)
Requirement already satisfied: terminado>=0.8.1 in /opt/conda/lib/python3.7/site-packages (from notebook->nbresuse==0.2.0) (0.8.3)
Requirement already satisfied: prometheus-client in /opt/conda/lib/python3.7/site-packages (from notebook->nbresuse==0.2.0) (0.8.0)
Requirement already satisfied: traitlets>=4.2.1 in /opt/conda/lib/python3.7/site-packages (from notebook->nbresuse==0.2.0) (4.3.3)
Requirement already satisfied: pyzmq>=17 in /opt/conda/lib/python3.7/site-packages (from notebook->nbresuse==0.2.0) (19.0.1)
Requirement already satisfied: ipython-genutils in /opt/conda/lib/python3.7/site-packages (from notebook->nbresuse==0.2.0) (0.2.0)
Requirement already satisfied: jinja2 in /opt/conda/lib/python3.7/site-packages (from notebook->nbresuse==0.2.0) (2.11.2)
Requirement already satisfied: ipykernel in /opt/conda/lib/python3.7/site-packages (from notebook->nbresuse==0.2.0) (5.3.0)
Requirement already satisfied: Send2Trash in /opt/conda/lib/python3.7/site-packages (from notebook->nbresuse==0.2.0) (1.5.0)
Requirement already satisfied: jupyter-core>=4.6.1 in /opt/conda/lib/python3.7/site-packages (from notebook->nbresuse==0.2.0) (4.6.3)
Requirement already satisfied: nbconvert in /opt/conda/lib/python3.7/site-packages (from notebook->nbresuse==0.2.0) (5.6.1)
Requirement already satisfied: python-dateutil>=2.1 in /opt/conda/lib/python3.7/site-packages (from jupyter-client>=5.3.4->notebook->nbresuse==0.2.0) (2.8.1)
Requirement already satisfied: jsonschema!=2.5.0,>=2.4 in /opt/conda/lib/python3.7/site-packages (from nbformat->notebook->nbresuse==0.2.0) (3.2.0)
Requirement already satisfied: six in /opt/conda/lib/python3.7/site-packages (from traitlets>=4.2.1->notebook->nbresuse==0.2.0) (1.15.0)
Requirement already satisfied: decorator in /opt/conda/lib/python3.7/site-packages (from traitlets>=4.2.1->notebook->nbresuse==0.2.0) (4.4.2)
Requirement already satisfied: MarkupSafe>=0.23 in /opt/conda/lib/python3.7/site-packages (from jinja2->notebook->nbresuse==0.2.0) (1.1.1)
Requirement already satisfied: ipython>=5.0.0 in /opt/conda/lib/python3.7/site-packages (from ipykernel->notebook->nbresuse==0.2.0) (7.15.0)
Requirement already satisfied: pandocfilters>=1.4.1 in /opt/conda/lib/python3.7/site-packages (from nbconvert->notebook->nbresuse==0.2.0) (1.4.2)
Requirement already satisfied: pygments in /opt/conda/lib/python3.7/site-packages (from nbconvert->notebook->nbresuse==0.2.0) (2.6.1)
Requirement already satisfied: testpath in /opt/conda/lib/python3.7/site-packages (from nbconvert->notebook->nbresuse==0.2.0) (0.4.4)
Requirement already satisfied: bleach in /opt/conda/lib/python3.7/site-packages (from nbconvert->notebook->nbresuse==0.2.0) (3.1.5)
Requirement already satisfied: entrypoints>=0.2.2 in /opt/conda/lib/python3.7/site-packages (from nbconvert->notebook->nbresuse==0.2.0) (0.3)
Requirement already satisfied: defusedxml in /opt/conda/lib/python3.7/site-packages (from nbconvert->notebook->nbresuse==0.2.0) (0.6.0)
Requirement already satisfied: mistune<2,>=0.8.1 in /opt/conda/lib/python3.7/site-packages (from nbconvert->notebook->nbresuse==0.2.0) (0.8.4)
Requirement already satisfied: pyrsistent>=0.14.0 in /opt/conda/lib/python3.7/site-packages (from jsonschema!=2.5.0,>=2.4->nbformat->notebook->nbresuse==0.2.0) (0.16.0)
Requirement already satisfied: setuptools in /opt/conda/lib/python3.7/site-packages (from jsonschema!=2.5.0,>=2.4->nbformat->notebook->nbresuse==0.2.0) (47.3.1.post20200616)
Requirement already satisfied: importlib-metadata; python_version < "3.8" in /opt/conda/lib/python3.7/site-packages (from jsonschema!=2.5.0,>=2.4->nbformat->notebook->nbresuse==0.2.0) (1.6.1)
Requirement already satisfied: attrs>=17.4.0 in /opt/conda/lib/python3.7/site-packages (from jsonschema!=2.5.0,>=2.4->nbformat->notebook->nbresuse==0.2.0) (19.3.0)
Requirement already satisfied: prompt-toolkit!=3.0.0,!=3.0.1,<3.1.0,>=2.0.0 in /opt/conda/lib/python3.7/site-packages (from ipython>=5.0.0->ipykernel->notebook->nbresuse==0.2.0) (3.0.5)
Requirement already satisfied: jedi>=0.10 in /opt/conda/lib/python3.7/site-packages (from ipython>=5.0.0->ipykernel->notebook->nbresuse==0.2.0) (0.17.0)
Requirement already satisfied: backcall in /opt/conda/lib/python3.7/site-packages (from ipython>=5.0.0->ipykernel->notebook->nbresuse==0.2.0) (0.2.0)
Requirement already satisfied: pickleshare in /opt/conda/lib/python3.7/site-packages (from ipython>=5.0.0->ipykernel->notebook->nbresuse==0.2.0) (0.7.5)
Requirement already satisfied: pexpect; sys_platform != "win32" in /opt/conda/lib/python3.7/site-packages (from ipython>=5.0.0->ipykernel->notebook->nbresuse==0.2.0) (4.8.0)
Requirement already satisfied: packaging in /opt/conda/lib/python3.7/site-packages (from bleach->nbconvert->notebook->nbresuse==0.2.0) (20.4)
Requirement already satisfied: webencodings in /opt/conda/lib/python3.7/site-packages (from bleach->nbconvert->notebook->nbresuse==0.2.0) (0.5.1)
Requirement already satisfied: zipp>=0.5 in /opt/conda/lib/python3.7/site-packages (from importlib-metadata; python_version < "3.8"->jsonschema!=2.5.0,>=2.4->nbformat->notebook->nbresuse==0.2.0) (3.1.0)
Requirement already satisfied: wcwidth in /opt/conda/lib/python3.7/site-packages (from prompt-toolkit!=3.0.0,!=3.0.1,<3.1.0,>=2.0.0->ipython>=5.0.0->ipykernel->notebook->nbresuse==0.2.0) (0.2.4)
Requirement already satisfied: parso>=0.7.0 in /opt/conda/lib/python3.7/site-packages (from jedi>=0.10->ipython>=5.0.0->ipykernel->notebook->nbresuse==0.2.0) (0.7.0)
Requirement already satisfied: ptyprocess>=0.5 in /opt/conda/lib/python3.7/site-packages (from pexpect; sys_platform != "win32"->ipython>=5.0.0->ipykernel->notebook->nbresuse==0.2.0) (0.6.0)
Requirement already satisfied: pyparsing>=2.0.2 in /opt/conda/lib/python3.7/site-packages (from packaging->bleach->nbconvert->notebook->nbresuse==0.2.0) (2.4.7)
Building wheels for collected packages: nbresuse, gputil
  Building wheel for nbresuse (setup.py): started
  Building wheel for nbresuse (setup.py): finished with status 'done'
  Created wheel for nbresuse: filename=nbresuse-0.2.0-py3-none-any.whl size=7369 sha256=77a803ad4e0ab6d2549cd8fa4df27ac47032a9bc3d8bde71cdc08391961657c7
  Stored in directory: /tmp/pip-ephem-wheel-cache-oysis1fb/wheels/a7/7b/9e/3078511771210c98fe6009b81204ef9a17f72f02d1daa67a1b
  Building wheel for gputil (setup.py): started
  Building wheel for gputil (setup.py): finished with status 'done'
  Created wheel for gputil: filename=GPUtil-1.4.0-py3-none-any.whl size=7411 sha256=52fe54e062b8b2e6751a618c4a154a0c81fdd8d6f499b8f399ca9541d6453ac4
  Stored in directory: /tmp/pip-ephem-wheel-cache-oysis1fb/wheels/6e/f8/83/534c52482d6da64622ddbf72cd93c35d2ef2881b78fd08ff0c
Successfully built nbresuse gputil
Installing collected packages: gputil, nbresuse
Successfully installed gputil-1.4.0 nbresuse-0.2.0
Enabling: nbresuse
- Writing config: /opt/conda/etc/jupyter
    - Validating...
      nbresuse  [32mOK[0m
Installing /opt/conda/lib/python3.7/site-packages/nbresuse/static -> nbresuse
Making directory: /opt/conda/share/jupyter/nbextensions/nbresuse/
Copying: /opt/conda/lib/python3.7/site-packages/nbresuse/static/main.js -> /opt/conda/share/jupyter/nbextensions/nbresuse/main.js
- Validating: [32mOK[0m

    To initialize this nbextension in the browser every time the notebook (or other app) loads:
    
          jupyter nbextension enable nbresuse --py --sys-prefix
    
Enabling notebook extension nbresuse/main...
      - Validating: [32mOK[0m
Get:1 http://archive.ubuntu.com/ubuntu focal InRelease [265 kB]
Get:2 http://security.ubuntu.com/ubuntu focal-security InRelease [107 kB]
Get:3 http://archive.ubuntu.com/ubuntu focal-updates InRelease [111 kB]
Get:4 http://archive.ubuntu.com/ubuntu focal-backports InRelease [98.3 kB]
Get:5 http://security.ubuntu.com/ubuntu focal-security/universe amd64 Packages [638 kB]
Get:6 http://archive.ubuntu.com/ubuntu focal/multiverse amd64 Packages [177 kB]
Get:7 http://security.ubuntu.com/ubuntu focal-security/restricted amd64 Packages [85.3 kB]
Get:8 http://security.ubuntu.com/ubuntu focal-security/multiverse amd64 Packages [1,170 B]
Get:9 http://security.ubuntu.com/ubuntu focal-security/main amd64 Packages [437 kB]
Get:10 http://archive.ubuntu.com/ubuntu focal/main amd64 Packages [1,275 kB]
Get:11 http://archive.ubuntu.com/ubuntu focal/universe amd64 Packages [11.3 MB]
Get:12 http://archive.ubuntu.com/ubuntu focal/restricted amd64 Packages [33.4 kB]
Get:13 http://archive.ubuntu.com/ubuntu focal-updates/restricted amd64 Packages [104 kB]
Get:14 http://archive.ubuntu.com/ubuntu focal-updates/multiverse amd64 Packages [21.6 kB]
Get:15 http://archive.ubuntu.com/ubuntu focal-updates/main amd64 Packages [801 kB]
Get:16 http://archive.ubuntu.com/ubuntu focal-updates/universe amd64 Packages [854 kB]
Get:17 http://archive.ubuntu.com/ubuntu focal-backports/universe amd64 Packages [4,277 B]
Fetched 16.4 MB in 5s (3,492 kB/s)
Reading package lists...
debconf: delaying package configuration, since apt-utils is not installed
(Reading database ... (Reading database ... 5%(Reading database ... 10%(Reading database ... 15%(Reading database ... 20%(Reading database ... 25%(Reading database ... 30%(Reading database ... 35%(Reading database ... 40%(Reading database ... 45%(Reading database ... 50%(Reading database ... 55%(Reading database ... 60%(Reading database ... 65%(Reading database ... 70%(Reading database ... 75%(Reading database ... 80%(Reading database ... 85%(Reading database ... 90%(Reading database ... 95%(Reading database ... 100%(Reading database ... 150298 files and directories currently installed.)
Preparing to unpack .../00-python3.8_3.8.5-1~20.04_amd64.deb ...
Unpacking python3.8 (3.8.5-1~20.04) over (3.8.2-1ubuntu1.1) ...
Preparing to unpack .../01-libpython3.8-stdlib_3.8.5-1~20.04_amd64.deb ...
Unpacking libpython3.8-stdlib:amd64 (3.8.5-1~20.04) over (3.8.2-1ubuntu1.1) ...
Preparing to unpack .../02-python3.8-minimal_3.8.5-1~20.04_amd64.deb ...
Unpacking python3.8-minimal (3.8.5-1~20.04) over (3.8.2-1ubuntu1.1) ...
Preparing to unpack .../03-libpython3.8-minimal_3.8.5-1~20.04_amd64.deb ...
Unpacking libpython3.8-minimal:amd64 (3.8.5-1~20.04) over (3.8.2-1ubuntu1.1) ...
Selecting previously unselected package rsync.
Preparing to unpack .../04-rsync_3.1.3-8_amd64.deb ...
Unpacking rsync (3.1.3-8) ...
Selecting previously unselected package less.
Preparing to unpack .../05-less_551-1ubuntu0.1_amd64.deb ...
Unpacking less (551-1ubuntu0.1) ...
Selecting previously unselected package libcbor0.6:amd64.
Preparing to unpack .../06-libcbor0.6_0.6.0-0ubuntu1_amd64.deb ...
Unpacking libcbor0.6:amd64 (0.6.0-0ubuntu1) ...
Selecting previously unselected package libfido2-1:amd64.
Preparing to unpack .../07-libfido2-1_1.3.1-1ubuntu2_amd64.deb ...
Unpacking libfido2-1:amd64 (1.3.1-1ubuntu2) ...
Selecting previously unselected package libuv1:amd64.
Preparing to unpack .../08-libuv1_1.34.2-1ubuntu1.1_amd64.deb ...
Unpacking libuv1:amd64 (1.34.2-1ubuntu1.1) ...
Selecting previously unselected package libxmuu1:amd64.
Preparing to unpack .../09-libxmuu1_2%3a1.1.3-0ubuntu1_amd64.deb ...
Unpacking libxmuu1:amd64 (2:1.1.3-0ubuntu1) ...
Selecting previously unselected package openssh-client.
Preparing to unpack .../10-openssh-client_1%3a8.2p1-4ubuntu0.1_amd64.deb ...
Unpacking openssh-client (1:8.2p1-4ubuntu0.1) ...
Selecting previously unselected package xauth.
Preparing to unpack .../11-xauth_1%3a1.1-0ubuntu1_amd64.deb ...
Unpacking xauth (1:1.1-0ubuntu1) ...
Selecting previously unselected package cmake-data.
Preparing to unpack .../12-cmake-data_3.16.3-1ubuntu1_all.deb ...
Unpacking cmake-data (3.16.3-1ubuntu1) ...
Selecting previously unselected package libarchive13:amd64.
Preparing to unpack .../13-libarchive13_3.4.0-2ubuntu1_amd64.deb ...
Unpacking libarchive13:amd64 (3.4.0-2ubuntu1) ...
Selecting previously unselected package libcurl4:amd64.
Preparing to unpack .../14-libcurl4_7.68.0-1ubuntu2.2_amd64.deb ...
Unpacking libcurl4:amd64 (7.68.0-1ubuntu2.2) ...
Selecting previously unselected package libjsoncpp1:amd64.
Preparing to unpack .../15-libjsoncpp1_1.7.4-3.1ubuntu2_amd64.deb ...
Unpacking libjsoncpp1:amd64 (1.7.4-3.1ubuntu2) ...
Selecting previously unselected package librhash0:amd64.
Preparing to unpack .../16-librhash0_1.3.9-1_amd64.deb ...
Unpacking librhash0:amd64 (1.3.9-1) ...
Selecting previously unselected package cmake.
Preparing to unpack .../17-cmake_3.16.3-1ubuntu1_amd64.deb ...
Unpacking cmake (3.16.3-1ubuntu1) ...
Selecting previously unselected package curl.
Preparing to unpack .../18-curl_7.68.0-1ubuntu2.2_amd64.deb ...
Unpacking curl (7.68.0-1ubuntu2.2) ...
Selecting previously unselected package libassuan0:amd64.
Preparing to unpack .../19-libassuan0_2.5.3-7ubuntu2_amd64.deb ...
Unpacking libassuan0:amd64 (2.5.3-7ubuntu2) ...
Selecting previously unselected package gpgconf.
Preparing to unpack .../20-gpgconf_2.2.19-3ubuntu2_amd64.deb ...
Unpacking gpgconf (2.2.19-3ubuntu2) ...
Selecting previously unselected package libksba8:amd64.
Preparing to unpack .../21-libksba8_1.3.5-2_amd64.deb ...
Unpacking libksba8:amd64 (1.3.5-2) ...
Selecting previously unselected package libnpth0:amd64.
Preparing to unpack .../22-libnpth0_1.6-1_amd64.deb ...
Unpacking libnpth0:amd64 (1.6-1) ...
Selecting previously unselected package dirmngr.
Preparing to unpack .../23-dirmngr_2.2.19-3ubuntu2_amd64.deb ...
Unpacking dirmngr (2.2.19-3ubuntu2) ...
Selecting previously unselected package gnupg-l10n.
Preparing to unpack .../24-gnupg-l10n_2.2.19-3ubuntu2_all.deb ...
Unpacking gnupg-l10n (2.2.19-3ubuntu2) ...
Selecting previously unselected package gnupg-utils.
Preparing to unpack .../25-gnupg-utils_2.2.19-3ubuntu2_amd64.deb ...
Unpacking gnupg-utils (2.2.19-3ubuntu2) ...
Selecting previously unselected package gpg.
Preparing to unpack .../26-gpg_2.2.19-3ubuntu2_amd64.deb ...
Unpacking gpg (2.2.19-3ubuntu2) ...
Selecting previously unselected package pinentry-curses.
Preparing to unpack .../27-pinentry-curses_1.1.0-3build1_amd64.deb ...
Unpacking pinentry-curses (1.1.0-3build1) ...
Selecting previously unselected package gpg-agent.
Preparing to unpack .../28-gpg-agent_2.2.19-3ubuntu2_amd64.deb ...
Unpacking gpg-agent (2.2.19-3ubuntu2) ...
Selecting previously unselected package gpg-wks-client.
Preparing to unpack .../29-gpg-wks-client_2.2.19-3ubuntu2_amd64.deb ...
Unpacking gpg-wks-client (2.2.19-3ubuntu2) ...
Selecting previously unselected package gpg-wks-server.
Preparing to unpack .../30-gpg-wks-server_2.2.19-3ubuntu2_amd64.deb ...
Unpacking gpg-wks-server (2.2.19-3ubuntu2) ...
Selecting previously unselected package gpgsm.
Preparing to unpack .../31-gpgsm_2.2.19-3ubuntu2_amd64.deb ...
Unpacking gpgsm (2.2.19-3ubuntu2) ...
Selecting previously unselected package gnupg.
Preparing to unpack .../32-gnupg_2.2.19-3ubuntu2_all.deb ...
Unpacking gnupg (2.2.19-3ubuntu2) ...
Selecting previously unselected package htop.
Preparing to unpack .../33-htop_2.2.0-2build1_amd64.deb ...
Unpacking htop (2.2.0-2build1) ...
Selecting previously unselected package libtdb1:amd64.
Preparing to unpack .../34-libtdb1_1.4.2-3build1_amd64.deb ...
Unpacking libtdb1:amd64 (1.4.2-3build1) ...
Selecting previously unselected package sound-theme-freedesktop.
Preparing to unpack .../35-sound-theme-freedesktop_0.8-2ubuntu1_all.deb ...
Unpacking sound-theme-freedesktop (0.8-2ubuntu1) ...
Selecting previously unselected package libcanberra0:amd64.
Preparing to unpack .../36-libcanberra0_0.30-7ubuntu1_amd64.deb ...
Unpacking libcanberra0:amd64 (0.30-7ubuntu1) ...
Selecting previously unselected package libevent-2.1-7:amd64.
Preparing to unpack .../37-libevent-2.1-7_2.1.11-stable-1_amd64.deb ...
Unpacking libevent-2.1-7:amd64 (2.1.11-stable-1) ...
Selecting previously unselected package libpython3.8:amd64.
Preparing to unpack .../38-libpython3.8_3.8.5-1~20.04_amd64.deb ...
Unpacking libpython3.8:amd64 (3.8.5-1~20.04) ...
Selecting previously unselected package libutempter0:amd64.
Preparing to unpack .../39-libutempter0_1.1.6-4_amd64.deb ...
Unpacking libutempter0:amd64 (1.1.6-4) ...
Selecting previously unselected package screen.
Preparing to unpack .../40-screen_4.8.0-1_amd64.deb ...
Unpacking screen (4.8.0-1) ...
Selecting previously unselected package tmux.
Preparing to unpack .../41-tmux_3.0a-2ubuntu0.1_amd64.deb ...
Unpacking tmux (3.0a-2ubuntu0.1) ...
Selecting previously unselected package vim-runtime.
Preparing to unpack .../42-vim-runtime_2%3a8.1.2269-1ubuntu5_all.deb ...
Adding 'diversion of /usr/share/vim/vim81/doc/help.txt to /usr/share/vim/vim81/doc/help.txt.vim-tiny by vim-runtime'
Adding 'diversion of /usr/share/vim/vim81/doc/tags to /usr/share/vim/vim81/doc/tags.vim-tiny by vim-runtime'
Unpacking vim-runtime (2:8.1.2269-1ubuntu5) ...
Selecting previously unselected package vim.
Preparing to unpack .../43-vim_2%3a8.1.2269-1ubuntu5_amd64.deb ...
Unpacking vim (2:8.1.2269-1ubuntu5) ...
Setting up libksba8:amd64 (1.3.5-2) ...
Setting up libpython3.8-minimal:amd64 (3.8.5-1~20.04) ...
Setting up libarchive13:amd64 (3.4.0-2ubuntu1) ...
Setting up htop (2.2.0-2build1) ...
Setting up libtdb1:amd64 (1.4.2-3build1) ...
Setting up less (551-1ubuntu0.1) ...
Setting up libnpth0:amd64 (1.6-1) ...
Setting up libassuan0:amd64 (2.5.3-7ubuntu2) ...
Setting up libcbor0.6:amd64 (0.6.0-0ubuntu1) ...
Setting up libuv1:amd64 (1.34.2-1ubuntu1.1) ...
Setting up gnupg-l10n (2.2.19-3ubuntu2) ...
Setting up libevent-2.1-7:amd64 (2.1.11-stable-1) ...
Setting up libutempter0:amd64 (1.1.6-4) ...
Setting up python3.8-minimal (3.8.5-1~20.04) ...
Setting up sound-theme-freedesktop (0.8-2ubuntu1) ...
Setting up librhash0:amd64 (1.3.9-1) ...
Setting up gpgconf (2.2.19-3ubuntu2) ...
Setting up libcurl4:amd64 (7.68.0-1ubuntu2.2) ...
Setting up cmake-data (3.16.3-1ubuntu1) ...
Install cmake-data for emacs
Setting up curl (7.68.0-1ubuntu2.2) ...
Setting up vim-runtime (2:8.1.2269-1ubuntu5) ...
Setting up libpython3.8-stdlib:amd64 (3.8.5-1~20.04) ...
Setting up libfido2-1:amd64 (1.3.1-1ubuntu2) ...
Setting up python3.8 (3.8.5-1~20.04) ...
Setting up tmux (3.0a-2ubuntu0.1) ...
Setting up libxmuu1:amd64 (2:1.1.3-0ubuntu1) ...
Setting up gpg (2.2.19-3ubuntu2) ...
Setting up rsync (3.1.3-8) ...
invoke-rc.d: could not determine current runlevel
invoke-rc.d: policy-rc.d denied execution of start.
Setting up libjsoncpp1:amd64 (1.7.4-3.1ubuntu2) ...
Setting up gnupg-utils (2.2.19-3ubuntu2) ...
Setting up pinentry-curses (1.1.0-3build1) ...
Setting up libcanberra0:amd64 (0.30-7ubuntu1) ...
Setting up gpg-agent (2.2.19-3ubuntu2) ...
Setting up openssh-client (1:8.2p1-4ubuntu0.1) ...
Setting up gpgsm (2.2.19-3ubuntu2) ...
Setting up screen (4.8.0-1) ...
Setting up dirmngr (2.2.19-3ubuntu2) ...
Setting up libpython3.8:amd64 (3.8.5-1~20.04) ...
Setting up gpg-wks-server (2.2.19-3ubuntu2) ...
Setting up xauth (1:1.1-0ubuntu1) ...
Setting up cmake (3.16.3-1ubuntu1) ...
Setting up vim (2:8.1.2269-1ubuntu5) ...
update-alternatives: using /usr/bin/vim.basic to provide /usr/bin/vim (vim) in auto mode
update-alternatives: using /usr/bin/vim.basic to provide /usr/bin/vimdiff (vimdiff) in auto mode
update-alternatives: using /usr/bin/vim.basic to provide /usr/bin/rvim (rvim) in auto mode
update-alternatives: using /usr/bin/vim.basic to provide /usr/bin/rview (rview) in auto mode
update-alternatives: using /usr/bin/vim.basic to provide /usr/bin/vi (vi) in auto mode
update-alternatives: warning: skip creation of /usr/share/man/man1/vi.1.gz because associated file /usr/share/man/man1/vim.1.gz (of link group vi) doesn't exist
update-alternatives: warning: skip creation of /usr/share/man/da/man1/vi.1.gz because associated file /usr/share/man/da/man1/vim.1.gz (of link group vi) doesn't exist
update-alternatives: warning: skip creation of /usr/share/man/de/man1/vi.1.gz because associated file /usr/share/man/de/man1/vim.1.gz (of link group vi) doesn't exist
update-alternatives: warning: skip creation of /usr/share/man/fr/man1/vi.1.gz because associated file /usr/share/man/fr/man1/vim.1.gz (of link group vi) doesn't exist
update-alternatives: warning: skip creation of /usr/share/man/it/man1/vi.1.gz because associated file /usr/share/man/it/man1/vim.1.gz (of link group vi) doesn't exist
update-alternatives: warning: skip creation of /usr/share/man/ja/man1/vi.1.gz because associated file /usr/share/man/ja/man1/vim.1.gz (of link group vi) doesn't exist
update-alternatives: warning: skip creation of /usr/share/man/pl/man1/vi.1.gz because associated file /usr/share/man/pl/man1/vim.1.gz (of link group vi) doesn't exist
update-alternatives: warning: skip creation of /usr/share/man/ru/man1/vi.1.gz because associated file /usr/share/man/ru/man1/vim.1.gz (of link group vi) doesn't exist
update-alternatives: using /usr/bin/vim.basic to provide /usr/bin/view (view) in auto mode
update-alternatives: warning: skip creation of /usr/share/man/man1/view.1.gz because associated file /usr/share/man/man1/vim.1.gz (of link group view) doesn't exist
update-alternatives: warning: skip creation of /usr/share/man/da/man1/view.1.gz because associated file /usr/share/man/da/man1/vim.1.gz (of link group view) doesn't exist
update-alternatives: warning: skip creation of /usr/share/man/de/man1/view.1.gz because associated file /usr/share/man/de/man1/vim.1.gz (of link group view) doesn't exist
update-alternatives: warning: skip creation of /usr/share/man/fr/man1/view.1.gz because associated file /usr/share/man/fr/man1/vim.1.gz (of link group view) doesn't exist
update-alternatives: warning: skip creation of /usr/share/man/it/man1/view.1.gz because associated file /usr/share/man/it/man1/vim.1.gz (of link group view) doesn't exist
update-alternatives: warning: skip creation of /usr/share/man/ja/man1/view.1.gz because associated file /usr/share/man/ja/man1/vim.1.gz (of link group view) doesn't exist
update-alternatives: warning: skip creation of /usr/share/man/pl/man1/view.1.gz because associated file /usr/share/man/pl/man1/vim.1.gz (of link group view) doesn't exist
update-alternatives: warning: skip creation of /usr/share/man/ru/man1/view.1.gz because associated file /usr/share/man/ru/man1/vim.1.gz (of link group view) doesn't exist
update-alternatives: using /usr/bin/vim.basic to provide /usr/bin/ex (ex) in auto mode
update-alternatives: warning: skip creation of /usr/share/man/man1/ex.1.gz because associated file /usr/share/man/man1/vim.1.gz (of link group ex) doesn't exist
update-alternatives: warning: skip creation of /usr/share/man/da/man1/ex.1.gz because associated file /usr/share/man/da/man1/vim.1.gz (of link group ex) doesn't exist
update-alternatives: warning: skip creation of /usr/share/man/de/man1/ex.1.gz because associated file /usr/share/man/de/man1/vim.1.gz (of link group ex) doesn't exist
update-alternatives: warning: skip creation of /usr/share/man/fr/man1/ex.1.gz because associated file /usr/share/man/fr/man1/vim.1.gz (of link group ex) doesn't exist
update-alternatives: warning: skip creation of /usr/share/man/it/man1/ex.1.gz because associated file /usr/share/man/it/man1/vim.1.gz (of link group ex) doesn't exist
update-alternatives: warning: skip creation of /usr/share/man/ja/man1/ex.1.gz because associated file /usr/share/man/ja/man1/vim.1.gz (of link group ex) doesn't exist
update-alternatives: warning: skip creation of /usr/share/man/pl/man1/ex.1.gz because associated file /usr/share/man/pl/man1/vim.1.gz (of link group ex) doesn't exist
update-alternatives: warning: skip creation of /usr/share/man/ru/man1/ex.1.gz because associated file /usr/share/man/ru/man1/vim.1.gz (of link group ex) doesn't exist
Setting up gpg-wks-client (2.2.19-3ubuntu2) ...
Setting up gnupg (2.2.19-3ubuntu2) ...
Processing triggers for mime-support (3.64ubuntu1) ...
Processing triggers for libc-bin (2.31-0ubuntu9) ...
Processing triggers for install-info (6.7.0.dfsg.2-5) ...
chmod: cannot access '/var/run/screen': No such file or directory
WARNING: The directory '/home/jovyan/.cache/pip' or its parent directory is not owned or is not writable by the current user. The cache has been disabled. Check the permissions and owner of that directory. If executing pip with sudo, you may want sudo's -H flag.
Collecting pandas
  Downloading pandas-1.1.3-cp37-cp37m-manylinux1_x86_64.whl (9.5 MB)
Requirement already satisfied, skipping upgrade: python-dateutil>=2.7.3 in /opt/conda/lib/python3.7/site-packages (from pandas) (2.8.1)
Requirement already satisfied, skipping upgrade: numpy>=1.15.4 in /opt/conda/lib/python3.7/site-packages (from pandas) (1.18.5)
Requirement already satisfied, skipping upgrade: pytz>=2017.2 in /opt/conda/lib/python3.7/site-packages (from pandas) (2020.1)
Requirement already satisfied, skipping upgrade: six>=1.5 in /opt/conda/lib/python3.7/site-packages (from python-dateutil>=2.7.3->pandas) (1.15.0)
Installing collected packages: pandas
  Attempting uninstall: pandas
    Found existing installation: pandas 1.0.5
    Uninstalling pandas-1.0.5:
      Successfully uninstalled pandas-1.0.5
Successfully installed pandas-1.1.3
WARNING: The directory '/home/jovyan/.cache/pip' or its parent directory is not owned or is not writable by the current user. The cache has been disabled. Check the permissions and owner of that directory. If executing pip with sudo, you may want sudo's -H flag.
Collecting nltk
  Downloading nltk-3.5.zip (1.4 MB)
Requirement already satisfied: click in /opt/conda/lib/python3.7/site-packages (from nltk) (7.1.2)
Requirement already satisfied: joblib in /opt/conda/lib/python3.7/site-packages (from nltk) (0.15.1)
Collecting regex
  Downloading regex-2020.10.23-cp37-cp37m-manylinux2010_x86_64.whl (662 kB)
Requirement already satisfied: tqdm in /opt/conda/lib/python3.7/site-packages (from nltk) (4.46.1)
Building wheels for collected packages: nltk
  Building wheel for nltk (setup.py): started
  Building wheel for nltk (setup.py): finished with status 'done'
  Created wheel for nltk: filename=nltk-3.5-py3-none-any.whl size=1434676 sha256=69dcff5328ff5176ab84c277ddf4d39ddeb3bd1cb37c45780b10d48c04e31f65
  Stored in directory: /tmp/pip-ephem-wheel-cache-a9lah4_9/wheels/45/6c/46/a1865e7ba706b3817f5d1b2ff7ce8996aabdd0d03d47ba0266
Successfully built nltk
Installing collected packages: regex, nltk
Successfully installed nltk-3.5 regex-2020.10.23
[36mINFO[0m[1921] Taking snapshot of full filesystem...        
[36mINFO[0m[1923] Resolving 248681 paths                       
[36mINFO[0m[3420] Pushing layer *********/todo/cache:32559564946725155e64bff02be1c9a6ba5f0f49b23e3ef9fb1482d11438948a to cache now 
[36mINFO[0m[3420] COPY /tests /usr/share/datahub/tests/datahub-base-notebook 
[36mINFO[0m[3420] Resolving 8 paths                            
[36mINFO[0m[3420] Taking snapshot of files...                  
[36mINFO[0m[3420] RUN chown -R 1000:1000 /usr/share/datahub/tests/datahub-base-notebook &&     chmod -R +rwx /usr/share/datahub/tests/datahub-base-notebook 
[36mINFO[0m[3420] Pushing layer *********/todo/cache:f1329ec0d981d6acf179b6482e8a0d156093e0250305e8c69d11c5b27c5b84e5 to cache now 
[36mINFO[0m[3420] cmd: /bin/bash                               
[36mINFO[0m[3420] args: [-o pipefail -c chown -R 1000:1000 /usr/share/datahub/tests/datahub-base-notebook &&     chmod -R +rwx /usr/share/datahub/tests/datahub-base-notebook] 
[36mINFO[0m[3420] util.Lookup returned: &{Uid:0 Gid:0 Username:root Name:root HomeDir:/root} 
[36mINFO[0m[3420] performing slow lookup of group ids for root 
[36mINFO[0m[3420] Running: [/bin/bash -o pipefail -c chown -R 1000:1000 /usr/share/datahub/tests/datahub-base-notebook &&     chmod -R +rwx /usr/share/datahub/tests/datahub-base-notebook] 
[36mINFO[0m[3420] Taking snapshot of full filesystem...        
[36mINFO[0m[3422] Resolving 248690 paths                       
[36mINFO[0m[4915] Pushing layer *********/todo/cache:af3b7fe9f86c94546235883c98b0af6e5e1dbb6df8d3526f9e1fdb8dd8ae4e81 to cache now 
[36mINFO[0m[4915] USER jovyan                                  
[36mINFO[0m[4915] cmd: USER                                    
[36mINFO[0m[4915] No files changed in this command, skipping snapshotting. 
[36mINFO[0m[4915] WORKDIR /home/jovyan                         
[36mINFO[0m[4915] cmd: workdir                                 
[36mINFO[0m[4915] Changed working directory to /home/jovyan    
[36mINFO[0m[4915] No files changed in this command, skipping snapshotting. 
[33mWARN[0m[4916] error uploading layer to cache: failed to push to destination *********/todo/cache:e375d842e0eb0eb42b5007942916708fb17d549dc1c43cab0fa3b96bd27ef3cb: HEAD https://index.*********/v2/todo/cache/blobs/sha256:3c266716d90201bc10ad1aa39d94d637409742f7d792f0826f711788613bd703: unsupported status code 401 

Showing logs for build [32mucsd-ets-datahub-base-notebook-vh6tb-32[0m stage [32mfrom-build-pack[0m and container [32mstep-promote-changelog[0m
Converted /workspace/source/charts/datahub-base-notebook to an unshallow repository
Generating change log from git ref eed6f91e9f3e3a8835bcd60f0e4da0ceb171fe63 => a6fc21e53c4613f675b726069d38c91dc9a45ea2
Associating user wesuuu in users.jenkins.io with email wuykimpang@ucsd.edu to git GitProvider user with login wesuuu-0 as emails match
Adding label jenkins.io/git-github-userid=wesuuu-0 to user wesuuu in users.jenkins.io
Associating user wesuuu in users.jenkins.io with email wuykimpang@ucsd.edu to git GitProvider user with login wesuuu-0 as emails match
Adding label jenkins.io/git-github-userid=wesuuu-0 to user wesuuu in users.jenkins.io
Finding issues in commit messages using git format
Associating user wesuuu in users.jenkins.io with email wuykimpang@ucsd.edu to git GitProvider user with login wesuuu-0 as emails match
Adding label jenkins.io/git-github-userid=wesuuu-0 to user wesuuu in users.jenkins.io
Associating user wesuuu in users.jenkins.io with email wuykimpang@ucsd.edu to git GitProvider user with login wesuuu-0 as emails match
Adding label jenkins.io/git-github-userid=wesuuu-0 to user wesuuu in users.jenkins.io
WARNING: No release found for ucsd-ets/datahub-base-notebook and tag v2019.4.37 so creating a new release
Updated the release information at https://github.com/ucsd-ets/datahub-base-notebook/releases/tag/v2019.4.37
generated: /workspace/source/charts/datahub-base-notebook/templates/release.yaml
Created Release datahub-base-notebook-2019-4-37 resource in namespace **
Updating PipelineActivity ucsd-ets-datahub-base-notebook-master-32 with version 2019.4.37
Updated PipelineActivities ucsd-ets-datahub-base-notebook-master-32 with release notes URL: https://github.com/ucsd-ets/datahub-base-notebook/releases/tag/v2019.4.37

Showing logs for build [32mucsd-ets-datahub-base-notebook-vh6tb-32[0m stage [32mfrom-build-pack[0m and container [32mstep-promote-helm-release[0m
WARNING: No $CHART_REPOSITORY defined so using the default value of: http://jenkins-x-chartmuseum:8080
Adding missing Helm repo: storage.googleapis.com https://storage.googleapis.com/chartmuseum.jenkins-x.io
Successfully added Helm repository storage.googleapis.com.
Adding missing Helm repo: jenkins-x-chartmuseum http://jenkins-x-chartmuseum:8080
Successfully added Helm repository jenkins-x-chartmuseum.
WARNING: No $CHART_REPOSITORY defined so using the default value of: http://jenkins-x-chartmuseum:8080
Uploading chart file datahub-base-notebook-2019.4.37.tgz to http://jenkins-x-chartmuseum:8080/api/charts
Received 201 response: {"saved":true}

Showing logs for build [32mucsd-ets-datahub-base-notebook-vh6tb-32[0m stage [32mfrom-build-pack[0m and container [32mstep-promote-jx-promote[0m
WARNING: prow based install so skip waiting for the merge of Pull Requests to go green as currently there is an issue with gettingstatuses from the PR, see https://github.com/jenkins-x/**/issues/2410
WARNING: No $CHART_REPOSITORY defined so using the default value of: http://jenkins-x-chartmuseum:8080
Promoting app datahub-base-notebook version 2019.4.37 to namespace **-staging
Created Pull Request: https://github.com/ucsd-ets/environment-********-staging/pull/24
Added label updatebot to Pull Request https://github.com/ucsd-ets/environment-********-staging/pull/24
got git provider status pending from PR https://github.com/ucsd-ets/environment-********-staging/pull/24
got git provider status pending from PR https://github.com/ucsd-ets/environment-********-staging/pull/24
got git provider status pending from PR https://github.com/ucsd-ets/environment-********-staging/pull/24
got git provider status pending from PR https://github.com/ucsd-ets/environment-********-staging/pull/24
got git provider status pending from PR https://github.com/ucsd-ets/environment-********-staging/pull/24
got git provider status pending from PR https://github.com/ucsd-ets/environment-********-staging/pull/24
got git provider status pending from PR https://github.com/ucsd-ets/environment-********-staging/pull/24
got git provider status pending from PR https://github.com/ucsd-ets/environment-********-staging/pull/24
Pull Request https://github.com/ucsd-ets/environment-********-staging/pull/24 is merged at sha 24d26fa956bc303d6219abb36b09c46f3ce37f6a
Pull Request merged but we are not waiting for the update pipeline to complete!

Showing logs for build [32mucsd-ets-datahub-base-notebook-vh6tb-32[0m stage [32mfrom-build-pack[0m and container [32mstep-promote-test-kubectl[0m
Unable to use a TTY - input is not a terminal or the right kind of file
error: unable to upgrade connection: container not found ("datahub-base-notebook")
[31m
Pipeline failed on stage 'from-build-pack' : container 'step-promote-test-kubectl'. The execution of the pipeline has stopped.[0m
